[[1]]
[1] TRUE

[[2]]
[1] TRUE

[[3]]
[1] TRUE

[[4]]
[1] TRUE

[[5]]
[1] TRUE

[[6]]
[1] TRUE

[[7]]
[1] TRUE

[[8]]
[1] TRUE

[1] "--- hot_100 ---"
[1] "Output: Raw_charts/ALL_hot_100.csv"
[1] "Mining 105 weeks"
[1] "2016-01-03"
[1] "2016-01-10"
[1] "2016-01-17"
[1] "2016-01-24"
[1] "2016-01-31"
[1] "2016-02-07"
[1] "2016-02-14"
[1] "2016-02-21"
[1] "2016-02-28"
[1] "2016-03-06"
[1] "2016-03-13"
[1] "2016-03-20"
[1] "2016-03-27"
[1] "2016-04-03"
[1] "2016-04-10"
[1] "2016-04-17"
[1] "2016-04-24"
[1] "2016-05-01"
[1] "2016-05-08"
[1] "2016-05-15"
[1] "2016-05-22"
[1] "2016-05-29"
[1] "2016-06-05"
[1] "2016-06-12"
[1] "2016-06-19"
[1] "2016-06-26"
[1] "2016-07-03"
[1] "2016-07-10"
[1] "2016-07-17"
[1] "2016-07-24"
[1] "2016-07-31"
[1] "2016-08-07"
[1] "2016-08-14"
[1] "2016-08-21"
[1] "2016-08-28"
[1] "2016-09-04"
[1] "2016-09-11"
[1] "2016-09-18"
[1] "2016-09-25"
[1] "2016-10-02"
[1] "2016-10-09"
[1] "2016-10-16"
[1] "2016-10-23"
[1] "2016-10-30"
[1] "2016-11-06"
[1] "2016-11-13"
[1] "2016-11-20"
[1] "2016-11-27"
[1] "2016-12-04"
[1] "2016-12-11"
[1] "2016-12-18"
[1] "2016-12-25"
[1] "2017-01-01"
[1] "2017-01-08"
[1] "2017-01-15"
[1] "2017-01-22"
[1] "2017-01-29"
[1] "2017-02-05"
[1] "2017-02-12"
[1] "2017-02-19"
[1] "2017-02-26"
[1] "2017-03-05"
[1] "2017-03-12"
[1] "2017-03-19"
[1] "2017-03-26"
[1] "2017-04-02"
[1] "2017-04-09"
[1] "2017-04-16"
[1] "2017-04-23"
[1] "2017-04-30"
[1] "2017-05-07"
[1] "2017-05-14"
[1] "2017-05-21"
[1] "2017-05-28"
[1] "2017-06-04"
[1] "2017-06-11"
[1] "2017-06-18"
[1] "2017-06-25"
[1] "2017-07-02"
[1] "2017-07-09"
[1] "2017-07-16"
[1] "2017-07-23"
[1] "2017-07-30"
[1] "2017-08-06"
[1] "2017-08-13"
[1] "2017-08-20"
[1] "2017-08-27"
[1] "2017-09-03"
[1] "2017-09-10"
[1] "2017-09-17"
[1] "2017-09-24"
[1] "2017-10-01"
[1] "2017-10-08"
[1] "2017-10-15"
[1] "2017-10-22"
[1] "2017-10-29"
[1] "2017-11-05"
[1] "2017-11-12"
[1] "2017-11-19"
[1] "2017-11-26"
[1] "2017-12-03"
[1] "2017-12-10"
[1] "2017-12-17"
[1] "2017-12-24"
[1] "2017-12-31"
[1] "hot_100 completed"
